Creating test database for alias 'default'...
C:\Users\wesly\AppData\Local\Programs\Python\Python313\Lib\site-packages\django\core\handlers\base.py:61: UserWarning: No directory at: C:\Users\wesly\OneDrive\Documents\Coding\Project\Backend\staticfiles\
  mw_instance = middleware(adapted_handler)
EEFFFF.
======================================================================
ERROR: test_committee_create_and_list (profiles.tests.ProfilesAPITestCase.test_committee_create_and_list)
----------------------------------------------------------------------
Traceback (most recent call last):
  File "C:\Users\wesly\OneDrive\Documents\Coding\Project\Backend\profiles\tests.py", line 62, in test_committee_create_and_list
    self.assertEqual(resp.status_code, 201, msg=f"resp.data={resp.data}")
                                                             ^^^^^^^^^
AttributeError: 'HttpResponseNotFound' object has no attribute 'data'

======================================================================
ERROR: test_gallery_create_and_list (profiles.tests.ProfilesAPITestCase.test_gallery_create_and_list)
----------------------------------------------------------------------
Traceback (most recent call last):
  File "C:\Users\wesly\OneDrive\Documents\Coding\Project\Backend\profiles\tests.py", line 50, in test_gallery_create_and_list
    self.assertEqual(resp.status_code, 201, msg=f"resp.data={resp.data}")
                                                             ^^^^^^^^^
AttributeError: 'HttpResponseNotFound' object has no attribute 'data'

======================================================================
FAIL: test_create_news_with_image (news.tests.NewsAPITestCase.test_create_news_with_image)
----------------------------------------------------------------------
Traceback (most recent call last):
  File "C:\Users\wesly\OneDrive\Documents\Coding\Project\Backend\news\tests.py", line 105, in test_create_news_with_image
    self.assertEqual(resp.status_code, 201)
    ~~~~~~~~~~~~~~~~^^^^^^^^^^^^^^^^^^^^^^^
AssertionError: 404 != 201

======================================================================
FAIL: test_latest_event_endpoint (news.tests.NewsAPITestCase.test_latest_event_endpoint)
----------------------------------------------------------------------
Traceback (most recent call last):
  File "C:\Users\wesly\OneDrive\Documents\Coding\Project\Backend\news\tests.py", line 71, in test_latest_event_endpoint
    self.assertEqual(resp.status_code, 200)
    ~~~~~~~~~~~~~~~~^^^^^^^^^^^^^^^^^^^^^^^
AssertionError: 404 != 200

======================================================================
FAIL: test_latest_limits_to_10 (news.tests.NewsAPITestCase.test_latest_limits_to_10)
----------------------------------------------------------------------
Traceback (most recent call last):
  File "C:\Users\wesly\OneDrive\Documents\Coding\Project\Backend\news\tests.py", line 90, in test_latest_limits_to_10
    self.assertEqual(resp.status_code, 200)
    ~~~~~~~~~~~~~~~~^^^^^^^^^^^^^^^^^^^^^^^
AssertionError: 404 != 200

======================================================================
FAIL: test_latest_news_endpoint (news.tests.NewsAPITestCase.test_latest_news_endpoint)
----------------------------------------------------------------------
Traceback (most recent call last):
  File "C:\Users\wesly\OneDrive\Documents\Coding\Project\Backend\news\tests.py", line 62, in test_latest_news_endpoint
    self.assertEqual(resp.status_code, 200)
    ~~~~~~~~~~~~~~~~^^^^^^^^^^^^^^^^^^^^^^^
AssertionError: 404 != 200

----------------------------------------------------------------------
Ran 7 tests in 7.482s

FAILED (failures=4, errors=2)
Destroying test database for alias 'default'...
Found 7 test(s).
System check identified no issues (0 silenced).
