STDOUT:
Found 3 test(s).
System check identified no issues (0 silenced).

STDERR:
Creating test database for alias 'default'...

..Traceback (most recent call last):
  File "c:\Users\wesly\OneDrive\Documents\Coding\Project\Backend\families\views.py", line 27, in post
    member = FamilyMember.objects.filter(user=user).first()
             ~~~~~~~~~~~~~~~~~~~~~~~~~~~^^^^^^^^^^^
  File "C:\Users\wesly\AppData\Local\Programs\Python\Python313\Lib\site-packages\django\db\models\manager.py", line 87, in manager_method
    return getattr(self.get_queryset(), name)(*args, **kwargs)
           ~~~~~~~~~~~~~~~~~~~~~~~~~~~~~~~~~~^^^^^^^^^^^^^^^^^
  File "C:\Users\wesly\AppData\Local\Programs\Python\Python313\Lib\site-packages\django\db\models\query.py", line 1493, in filter
    return self._filter_or_exclude(False, args, kwargs)
           ~~~~~~~~~~~~~~~~~~~~~~~^^^^^^^^^^^^^^^^^^^^^
  File "C:\Users\wesly\AppData\Local\Programs\Python\Python313\Lib\site-packages\django\db\models\query.py", line 1511, in _filter_or_exclude
    clone._filter_or_exclude_inplace(negate, args, kwargs)
    ~~~~~~~~~~~~~~~~~~~~~~~~~~~~~~~~^^^^^^^^^^^^^^^^^^^^^^
  File "C:\Users\wesly\AppData\Local\Programs\Python\Python313\Lib\site-packages\django\db\models\query.py", line 1518, in _filter_or_exclude_inplace
    self._query.add_q(Q(*args, **kwargs))
    ~~~~~~~~~~~~~~~~~^^^^^^^^^^^^^^^^^^^^
  File "C:\Users\wesly\AppData\Local\Programs\Python\Python313\Lib\site-packages\django\db\models\sql\query.py", line 1646, in add_q
    clause, _ = self._add_q(q_object, can_reuse)
                ~~~~~~~~~~~^^^^^^^^^^^^^^^^^^^^^
  File "C:\Users\wesly\AppData\Local\Programs\Python\Python313\Lib\site-packages\django\db\models\sql\query.py", line 1678, in _add_q
    child_clause, needed_inner = self.build_filter(
                                 ~~~~~~~~~~~~~~~~~^
        child,
        ^^^^^^
    ...<7 lines>...
        update_join_types=update_join_types,
        ^^^^^^^^^^^^^^^^^^^^^^^^^^^^^^^^^^^^
    )
    ^
  File "C:\Users\wesly\AppData\Local\Programs\Python\Python313\Lib\site-packages\django\db\models\sql\query.py", line 1526, in build_filter
    lookups, parts, reffed_expression = self.solve_lookup_type(arg, summarize)
                                        ~~~~~~~~~~~~~~~~~~~~~~^^^^^^^^^^^^^^^^
  File "C:\Users\wesly\AppData\Local\Programs\Python\Python313\Lib\site-packages\django\db\models\sql\query.py", line 1333, in solve_lookup_type
    _, field, _, lookup_parts = self.names_to_path(lookup_splitted, self.get_meta())
                                ~~~~~~~~~~~~~~~~~~^^^^^^^^^^^^^^^^^^^^^^^^^^^^^^^^^^
  File "C:\Users\wesly\AppData\Local\Programs\Python\Python313\Lib\site-packages\django\db\models\sql\query.py", line 1806, in names_to_path
    raise FieldError(
    ...<2 lines>...
    )
django.core.exceptions.FieldError: Cannot resolve keyword 'user' into field. Choices are: address_if_different, age, bio, blood_group, children, church_parish, date_of_birth, education, email_id, family, family_id, gender, id, invite_tokens, name, occupation, parents, phone_no, photo, place_of_work, posts, relation, temp_member_id, uploaded_media, user_account
Internal Server Error: /api/families/profile/
F
======================================================================
FAIL: test_update_parents_via_api (families.tests.FamiliesTests.test_update_parents_via_api)
----------------------------------------------------------------------
Traceback (most recent call last):
  File "c:\Users\wesly\OneDrive\Documents\Coding\Project\Backend\families\tests.py", line 53, in test_update_parents_via_api
    self.assertEqual(response.status_code, 200)
    ~~~~~~~~~~~~~~~~^^^^^^^^^^^^^^^^^^^^^^^^^^^
AssertionError: 500 != 200

----------------------------------------------------------------------
Ran 3 tests in 0.026s

FAILED (failures=1)
Destroying test database for alias 'default'...


EXIT CODE: 1